<?xml version="1.0" encoding="UTF-8"?>
<testng-results ignored="0" total="1" passed="1" failed="0" skipped="0">
  <reporter-output>
  </reporter-output>
  <suite started-at="2020-10-06T15:11:42 IST" name="Suite" finished-at="2020-10-06T15:11:42 IST" duration-ms="72">
    <groups>
    </groups>
    <test started-at="2020-10-06T15:11:42 IST" name="Test" finished-at="2020-10-06T15:11:42 IST" duration-ms="72">
      <class name="testcodes.sample">
        <test-method signature="example()[pri:0, instance:testcodes.sample@6b19b79]" started-at="2020-10-06T15:11:42 IST" name="example" finished-at="2020-10-06T15:11:42 IST" duration-ms="14" status="PASS">
          <reporter-output>
          </reporter-output>
        </test-method> <!-- example -->
      </class> <!-- testcodes.sample -->
    </test> <!-- Test -->
  </suite> <!-- Suite -->
</testng-results>
